Build started 3/25/2016 4:40:21 PM.
     1>Project "D:\Hansf\AnimationRender\PaintGL\PaintGL.vcxproj" on node 2 (Build target(s)).
     1>C:\Program Files (x86)\MSBuild\Microsoft.Cpp\v4.0\V120\Microsoft.CppBuild.targets(363,5): warning MSB8004: Intermediate Directory does not end with a trailing slash.  This build instance will add the slash as it is required to allow proper evaluation of the Intermediate Directory.
     1>ClCompile:
         C:\Program Files (x86)\Microsoft Visual Studio 12.0\VC\bin\CL.exe /c /ID:\Hansf\AnimationRender\PaintGL\thirdparty\glew\include /ID:\Hansf\AnimationRender\PaintGL\thirdparty\glfw\include /ID:\Hansf\AnimationRender\PaintGL\thirdparty\glm /ZI /nologo /W3 /WX- /Od /Oy- /D WIN32 /D _DEBUG /D _CONSOLE /D _LIB /D _UNICODE /D UNICODE /Gm /EHsc /RTC1 /MDd /GS /fp:precise /Zc:wchar_t /Zc:forScope /Fo"Debug\Tmp\\" /Fd"Debug\Tmp\vc120.pdb" /Gd /TP /analyze- /errorReport:prompt main.cpp Paint.cpp tdogl\Camera.cpp
         Paint.cpp
         Generating Code...
         Compiling...
         main.cpp
         Generating Code...
         Skipping... (no relevant changes detected)
         Camera.cpp
       Link:
         C:\Program Files (x86)\Microsoft Visual Studio 12.0\VC\bin\link.exe /ERRORREPORT:PROMPT /OUT:"D:\Hansf\AnimationRender\PaintGL\Debug\PaintGL.exe" /INCREMENTAL /NOLOGO /LIBPATH:D:\Hansf\AnimationRender\PaintGL\thirdparty\glew\lib /LIBPATH:D:\Hansf\AnimationRender\PaintGL\thirdparty\glfw\lib glew32.lib glfw3.lib opengl32.lib kernel32.lib user32.lib gdi32.lib winspool.lib comdlg32.lib advapi32.lib shell32.lib ole32.lib oleaut32.lib uuid.lib odbc32.lib odbccp32.lib /MANIFEST /MANIFESTUAC:"level='asInvoker' uiAccess='false'" /manifest:embed /DEBUG /PDB:"D:\Hansf\AnimationRender\PaintGL\Debug\PaintGL.pdb" /SUBSYSTEM:CONSOLE /TLBID:1 /DYNAMICBASE /NXCOMPAT /IMPLIB:"D:\Hansf\AnimationRender\PaintGL\Debug\PaintGL.lib" /MACHINE:X86 Debug\Tmp\main.obj
         Debug\Tmp\Paint.obj
         Debug\Tmp\Camera.obj
         Debug\Tmp\Program.obj
         Debug\Tmp\Shader.obj
     1>LINK : warning LNK4098: defaultlib 'MSVCRT' conflicts with use of other libs; use /NODEFAULTLIB:library
         PaintGL.vcxproj -> D:\Hansf\AnimationRender\PaintGL\Debug\PaintGL.exe
     1>Done Building Project "D:\Hansf\AnimationRender\PaintGL\PaintGL.vcxproj" (Build target(s)).

Build succeeded.

Time Elapsed 00:00:01.08
