Build started 3/29/2016 9:02:59 PM.
     1>Project "D:\Hansf\AnimationRender\Tipsify\Tipsify.vcxproj" on node 2 (Build target(s)).
     1>C:\Program Files (x86)\MSBuild\Microsoft.Cpp\v4.0\V120\Microsoft.CppBuild.targets(363,5): warning MSB8004: Intermediate Directory does not end with a trailing slash.  This build instance will add the slash as it is required to allow proper evaluation of the Intermediate Directory.
     1>ClCompile:
         C:\Program Files (x86)\Microsoft Visual Studio 12.0\VC\bin\CL.exe /c /ZI /nologo /W3 /WX- /Od /Oy- /D WIN32 /D _DEBUG /D _CONSOLE /D _UNICODE /D UNICODE /Gm /EHsc /RTC1 /MDd /GS /fp:precise /Zc:wchar_t /Zc:forScope /Fo"Debug\Tmp\\" /Fd"Debug\Tmp\vc120.pdb" /Gd /TP /analyze- /errorReport:prompt main.cpp
         main.cpp
     1>d:\hansf\animationrender\tipsify\objloader\obj_parser.h(14): warning C4091: 'typedef ' : ignored on left of 'obj_face' when no variable is declared
     1>d:\hansf\animationrender\tipsify\objloader\obj_parser.h(19): warning C4091: 'typedef ' : ignored on left of 'obj_vector' when no variable is declared
     1>d:\hansf\animationrender\tipsify\objloader\obj_parser.h(29): warning C4091: 'typedef ' : ignored on left of 'obj_growable_scene_data' when no variable is declared
     1>d:\hansf\animationrender\tipsify\objloader\obj_parser.h(38): warning C4091: 'typedef ' : ignored on left of 'obj_scene_data' when no variable is declared
     1>d:\hansf\animationrender\tipsify\main.cpp(18): warning C4996: 'strcpy': This function or variable may be unsafe. Consider using strcpy_s instead. To disable deprecation, use _CRT_SECURE_NO_WARNINGS. See online help for details.
                 c:\program files (x86)\microsoft visual studio 12.0\vc\include\string.h(112) : see declaration of 'strcpy'
     1>d:\hansf\animationrender\tipsify\main.cpp(19): warning C4996: 'strcat': This function or variable may be unsafe. Consider using strcat_s instead. To disable deprecation, use _CRT_SECURE_NO_WARNINGS. See online help for details.
                 c:\program files (x86)\microsoft visual studio 12.0\vc\include\string.h(118) : see declaration of 'strcat'
     1>d:\hansf\animationrender\tipsify\main.cpp(20): warning C4996: 'itoa': The POSIX name for this item is deprecated. Instead, use the ISO C++ conformant name: _itoa. See online help for details.
                 c:\program files (x86)\microsoft visual studio 12.0\vc\include\stdlib.h(937) : see declaration of 'itoa'
     1>d:\hansf\animationrender\tipsify\main.cpp(21): warning C4996: 'strcat': This function or variable may be unsafe. Consider using strcat_s instead. To disable deprecation, use _CRT_SECURE_NO_WARNINGS. See online help for details.
                 c:\program files (x86)\microsoft visual studio 12.0\vc\include\string.h(118) : see declaration of 'strcat'
     1>d:\hansf\animationrender\tipsify\main.cpp(23): warning C4996: 'strcat': This function or variable may be unsafe. Consider using strcat_s instead. To disable deprecation, use _CRT_SECURE_NO_WARNINGS. See online help for details.
                 c:\program files (x86)\microsoft visual studio 12.0\vc\include\string.h(118) : see declaration of 'strcat'
     1>d:\hansf\animationrender\tipsify\main.cpp(36): warning C4244: '=' : conversion from 'double' to 'float', possible loss of data
     1>d:\hansf\animationrender\tipsify\main.cpp(58): warning C4996: 'strcpy': This function or variable may be unsafe. Consider using strcpy_s instead. To disable deprecation, use _CRT_SECURE_NO_WARNINGS. See online help for details.
                 c:\program files (x86)\microsoft visual studio 12.0\vc\include\string.h(112) : see declaration of 'strcpy'
     1>d:\hansf\animationrender\tipsify\main.cpp(59): warning C4996: 'strcat': This function or variable may be unsafe. Consider using strcat_s instead. To disable deprecation, use _CRT_SECURE_NO_WARNINGS. See online help for details.
                 c:\program files (x86)\microsoft visual studio 12.0\vc\include\string.h(118) : see declaration of 'strcat'
     1>d:\hansf\animationrender\tipsify\main.cpp(60): warning C4996: 'strcat': This function or variable may be unsafe. Consider using strcat_s instead. To disable deprecation, use _CRT_SECURE_NO_WARNINGS. See online help for details.
                 c:\program files (x86)\microsoft visual studio 12.0\vc\include\string.h(118) : see declaration of 'strcat'
     1>d:\hansf\animationrender\tipsify\main.cpp(61): warning C4996: 'strcat': This function or variable may be unsafe. Consider using strcat_s instead. To disable deprecation, use _CRT_SECURE_NO_WARNINGS. See online help for details.
                 c:\program files (x86)\microsoft visual studio 12.0\vc\include\string.h(118) : see declaration of 'strcat'
     1>d:\hansf\animationrender\tipsify\main.cpp(62): warning C4996: 'strcat': This function or variable may be unsafe. Consider using strcat_s instead. To disable deprecation, use _CRT_SECURE_NO_WARNINGS. See online help for details.
                 c:\program files (x86)\microsoft visual studio 12.0\vc\include\string.h(118) : see declaration of 'strcat'
     1>d:\hansf\animationrender\tipsify\main.cpp(96): warning C4305: 'initializing' : truncation from 'double' to 'float'
       Link:
         C:\Program Files (x86)\Microsoft Visual Studio 12.0\VC\bin\link.exe /ERRORREPORT:PROMPT /OUT:"D:\Hansf\AnimationRender\Tipsify\Debug\Tipsify.exe" /INCREMENTAL /NOLOGO kernel32.lib user32.lib gdi32.lib winspool.lib comdlg32.lib advapi32.lib shell32.lib ole32.lib oleaut32.lib uuid.lib odbc32.lib odbccp32.lib /MANIFEST /MANIFESTUAC:"level='asInvoker' uiAccess='false'" /manifest:embed /DEBUG /PDB:"D:\Hansf\AnimationRender\Tipsify\Debug\Tipsify.pdb" /SUBSYSTEM:CONSOLE /TLBID:1 /DYNAMICBASE /NXCOMPAT /IMPLIB:"D:\Hansf\AnimationRender\Tipsify\Debug\Tipsify.lib" /MACHINE:X86 Debug\Tmp\main.obj
         Debug\Tmp\List.obj
         Debug\Tmp\ObjLoader.obj
         Debug\Tmp\Obj_parser.obj
         Debug\Tmp\string_extra.obj
         Debug\Tmp\Tipsify.obj
         Tipsify.vcxproj -> D:\Hansf\AnimationRender\Tipsify\Debug\Tipsify.exe
     1>Done Building Project "D:\Hansf\AnimationRender\Tipsify\Tipsify.vcxproj" (Build target(s)).

Build succeeded.

Time Elapsed 00:00:01.25
